# JRE version: OpenJDK Runtime Environment (11.0.12+7) (build 11.0.12+7-b1504.28-7817840)
# Java VM: OpenJDK 64-Bit Server VM (11.0.12+7-b1504.28-7817840, mixed mode, tiered, compressed oops, g1 gc, windows-amd64)
Heap:
 garbage-first heap   total 291840K, used 136572K [0x0000000080000000, 0x0000000100000000)
  region size 1024K, 2 young (2048K), 2 survivors (2048K)
 Metaspace       used 106979K, capacity 109788K, committed 109996K, reserved 1144832K
  class space    used 13008K, capacity 13983K, committed 14080K, reserved 1048576K
GC Heap History (20 events):
Event: 411.824 GC heap after
{Heap after GC invocations=120 (full 0):
 garbage-first heap   total 228352K, used 133414K [0x0000000080000000, 0x0000000100000000)
  region size 1024K, 1 young (1024K), 1 survivors (1024K)
 Metaspace       used 106955K, capacity 109718K, committed 109996K, reserved 1144832K
  class space    used 13006K, capacity 13982K, committed 14080K, reserved 1048576K
}
Event: 411.876 GC heap before
{Heap before GC invocations=120 (full 0):
 garbage-first heap   total 228352K, used 167206K [0x0000000080000000, 0x0000000100000000)
  region size 1024K, 30 young (30720K), 1 survivors (1024K)
 Metaspace       used 106955K, capacity 109718K, committed 109996K, reserved 1144832K
  class space    used 13006K, capacity 13982K, committed 14080K, reserved 1048576K
}
Event: 411.878 GC heap after
{Heap after GC invocations=121 (full 0):
 garbage-first heap   total 228352K, used 134553K [0x0000000080000000, 0x0000000100000000)
  region size 1024K, 1 young (1024K), 1 survivors (1024K)
 Metaspace       used 106955K, capacity 109718K, committed 109996K, reserved 1144832K
  class space    used 13006K, capacity 13982K, committed 14080K, reserved 1048576K
}
Event: 411.928 GC heap before
{Heap before GC invocations=122 (full 0):
 garbage-first heap   total 228352K, used 167321K [0x0000000080000000, 0x0000000100000000)
  region size 1024K, 33 young (33792K), 1 survivors (1024K)
 Metaspace       used 106955K, capacity 109718K, committed 109996K, reserved 1144832K
  class space    used 13006K, capacity 13982K, committed 14080K, reserved 1048576K
}
Event: 411.929 GC heap after
{Heap after GC invocations=123 (full 0):
 garbage-first heap   total 228352K, used 134538K [0x0000000080000000, 0x0000000100000000)
  region size 1024K, 1 young (1024K), 1 survivors (1024K)
 Metaspace       used 106955K, capacity 109718K, committed 109996K, reserved 1144832K
  class space    used 13006K, capacity 13982K, committed 14080K, reserved 1048576K
}
Event: 411.942 GC heap before
{Heap before GC invocations=123 (full 0):
 garbage-first heap   total 228352K, used 144778K [0x0000000080000000, 0x0000000100000000)
  region size 1024K, 11 young (11264K), 1 survivors (1024K)
 Metaspace       used 106955K, capacity 109718K, committed 109996K, reserved 1144832K
  class space    used 13006K, capacity 13982K, committed 14080K, reserved 1048576K
}
Event: 411.944 GC heap after
{Heap after GC invocations=124 (full 0):
 garbage-first heap   total 228352K, used 134303K [0x0000000080000000, 0x0000000100000000)
  region size 1024K, 1 young (1024K), 1 survivors (1024K)
 Metaspace       used 106955K, capacity 109718K, committed 109996K, reserved 1144832K
  class space    used 13006K, capacity 13982K, committed 14080K, reserved 1048576K
}
Event: 411.989 GC heap before
{Heap before GC invocations=124 (full 0):
 garbage-first heap   total 228352K, used 170143K [0x0000000080000000, 0x0000000100000000)
  region size 1024K, 36 young (36864K), 1 survivors (1024K)
 Metaspace       used 106955K, capacity 109718K, committed 109996K, reserved 1144832K
  class space    used 13006K, capacity 13982K, committed 14080K, reserved 1048576K
}
Event: 411.990 GC heap after
{Heap after GC invocations=125 (full 0):
 garbage-first heap   total 228352K, used 134211K [0x0000000080000000, 0x0000000100000000)
  region size 1024K, 1 young (1024K), 1 survivors (1024K)
 Metaspace       used 106955K, capacity 109718K, committed 109996K, reserved 1144832K
  class space    used 13006K, capacity 13982K, committed 14080K, reserved 1048576K
}
Event: 412.067 GC heap before
{Heap before GC invocations=125 (full 0):
 garbage-first heap   total 228352K, used 172099K [0x0000000080000000, 0x0000000100000000)
  region size 1024K, 38 young (38912K), 1 survivors (1024K)
 Metaspace       used 106955K, capacity 109718K, committed 109996K, reserved 1144832K
  class space    used 13006K, capacity 13982K, committed 14080K, reserved 1048576K
}
Event: 412.069 GC heap after
{Heap after GC invocations=126 (full 0):
 garbage-first heap   total 228352K, used 134228K [0x0000000080000000, 0x0000000100000000)
  region size 1024K, 1 young (1024K), 1 survivors (1024K)
 Metaspace       used 106955K, capacity 109718K, committed 109996K, reserved 1144832K
  class space    used 13006K, capacity 13982K, committed 14080K, reserved 1048576K
}
Event: 412.123 GC heap before
{Heap before GC invocations=127 (full 0):
 garbage-first heap   total 228352K, used 174164K [0x0000000080000000, 0x0000000100000000)
  region size 1024K, 40 young (40960K), 1 survivors (1024K)
 Metaspace       used 106955K, capacity 109718K, committed 109996K, reserved 1144832K
  class space    used 13006K, capacity 13982K, committed 14080K, reserved 1048576K
}
Event: 412.124 GC heap after
{Heap after GC invocations=128 (full 0):
 garbage-first heap   total 228352K, used 135261K [0x0000000080000000, 0x0000000100000000)
  region size 1024K, 2 young (2048K), 2 survivors (2048K)
 Metaspace       used 106955K, capacity 109718K, committed 109996K, reserved 1144832K
  class space    used 13006K, capacity 13982K, committed 14080K, reserved 1048576K
}
Event: 412.212 GC heap before
{Heap before GC invocations=128 (full 0):
 garbage-first heap   total 228352K, used 177245K [0x0000000080000000, 0x0000000100000000)
  region size 1024K, 43 young (44032K), 2 survivors (2048K)
 Metaspace       used 106979K, capacity 109788K, committed 109996K, reserved 1144832K
  class space    used 13008K, capacity 13983K, committed 14080K, reserved 1048576K
}
Event: 412.214 GC heap after
{Heap after GC invocations=129 (full 0):
 garbage-first heap   total 228352K, used 136328K [0x0000000080000000, 0x0000000100000000)
  region size 1024K, 3 young (3072K), 3 survivors (3072K)
 Metaspace       used 106979K, capacity 109788K, committed 109996K, reserved 1144832K
  class space    used 13008K, capacity 13983K, committed 14080K, reserved 1048576K
}
Event: 412.289 GC heap before
{Heap before GC invocations=130 (full 0):
 garbage-first heap   total 228352K, used 179336K [0x0000000080000000, 0x0000000100000000)
  region size 1024K, 45 young (46080K), 3 survivors (3072K)
 Metaspace       used 106979K, capacity 109788K, committed 109996K, reserved 1144832K
  class space    used 13008K, capacity 13983K, committed 14080K, reserved 1048576K
}
Event: 412.291 GC heap after
{Heap after GC invocations=131 (full 0):
 garbage-first heap   total 228352K, used 137390K [0x0000000080000000, 0x0000000100000000)
  region size 1024K, 4 young (4096K), 4 survivors (4096K)
 Metaspace       used 106979K, capacity 109788K, committed 109996K, reserved 1144832K
  class space    used 13008K, capacity 13983K, committed 14080K, reserved 1048576K
}
Event: 412.304 GC heap before
{Heap before GC invocations=131 (full 0):
 garbage-first heap   total 228352K, used 144558K [0x0000000080000000, 0x0000000100000000)
  region size 1024K, 11 young (11264K), 4 survivors (4096K)
 Metaspace       used 106979K, capacity 109788K, committed 109996K, reserved 1144832K
  class space    used 13008K, capacity 13983K, committed 14080K, reserved 1048576K
}
Event: 412.306 GC heap after
{Heap after GC invocations=132 (full 0):
 garbage-first heap   total 228352K, used 135446K [0x0000000080000000, 0x0000000100000000)
  region size 1024K, 1 young (1024K), 1 survivors (1024K)
 Metaspace       used 106979K, capacity 109788K, committed 109996K, reserved 1144832K
  class space    used 13008K, capacity 13983K, committed 14080K, reserved 1048576K
}
Event: 412.349 GC heap before
{Heap before GC invocations=132 (full 0):
 garbage-first heap   total 228352K, used 179478K [0x0000000080000000, 0x0000000100000000)
  region size 1024K, 44 young (45056K), 1 survivors (1024K)
 Metaspace       used 106979K, capacity 109788K, committed 109996K, reserved 1144832K
  class space    used 13008K, capacity 13983K, committed 14080K, reserved 1048576K
}

